<testsuites>
  <testsuite name="/home/niko/Dev/prompt-builder/cmd/prompt-builder/main.go" tests="2" errors="0" failures="2">
    <testcase name="depguard" classname="/home/niko/Dev/prompt-builder/cmd/prompt-builder/main.go:8:2" file="/home/niko/Dev/prompt-builder/cmd/prompt-builder/main.go" line="8">
      <failure message="/home/niko/Dev/prompt-builder/cmd/prompt-builder/main.go:8:2: import &#39;github.com/nnikolov3/prompt-builder/internal/prompt-builder&#39; is not allowed from list &#39;Main&#39;" type=""><![CDATA[: import 'github.com/nnikolov3/prompt-builder/internal/prompt-builder' is not allowed from list 'Main'
Category: depguard
File: /home/niko/Dev/prompt-builder/cmd/prompt-builder/main.go
Line: 8
Details: 	promptbuilder "github.com/nnikolov3/prompt-builder/internal/prompt-builder"]]></failure>
    </testcase>
    <testcase name="noinlineerr" classname="/home/niko/Dev/prompt-builder/cmd/prompt-builder/main.go:16:5" file="/home/niko/Dev/prompt-builder/cmd/prompt-builder/main.go" line="16">
      <failure message="/home/niko/Dev/prompt-builder/cmd/prompt-builder/main.go:16:5: avoid inline error handling using `if err := ...; err != nil`; use plain assignment `err := ...`" type=""><![CDATA[: avoid inline error handling using `if err := ...; err != nil`; use plain assignment `err := ...`
Category: noinlineerr
File: /home/niko/Dev/prompt-builder/cmd/prompt-builder/main.go
Line: 16
Details: 	if err := promptbuilder.RunCLI(args, os.Stdout); err != nil {]]></failure>
    </testcase>
  </testsuite>
  <testsuite name="/home/niko/Dev/prompt-builder/internal/prompt-builder/builder.go" tests="12" errors="0" failures="12">
    <testcase name="err113" classname="/home/niko/Dev/prompt-builder/internal/prompt-builder/builder.go:71:10" file="/home/niko/Dev/prompt-builder/internal/prompt-builder/builder.go" line="71">
      <failure message="/home/niko/Dev/prompt-builder/internal/prompt-builder/builder.go:71:10: do not define dynamic errors, use wrapped static errors instead: &#34;fmt.Errorf(\&#34;task name is required\&#34;)&#34;" type=""><![CDATA[: do not define dynamic errors, use wrapped static errors instead: "fmt.Errorf(\"task name is required\")"
Category: err113
File: /home/niko/Dev/prompt-builder/internal/prompt-builder/builder.go
Line: 71
Details: 		return fmt.Errorf("task name is required")]]></failure>
    </testcase>
    <testcase name="err113" classname="/home/niko/Dev/prompt-builder/internal/prompt-builder/builder.go:74:10" file="/home/niko/Dev/prompt-builder/internal/prompt-builder/builder.go" line="74">
      <failure message="/home/niko/Dev/prompt-builder/internal/prompt-builder/builder.go:74:10: do not define dynamic errors, use wrapped static errors instead: &#34;fmt.Errorf(\&#34;system message is required\&#34;)&#34;" type=""><![CDATA[: do not define dynamic errors, use wrapped static errors instead: "fmt.Errorf(\"system message is required\")"
Category: err113
File: /home/niko/Dev/prompt-builder/internal/prompt-builder/builder.go
Line: 74
Details: 		return fmt.Errorf("system message is required")]]></failure>
    </testcase>
    <testcase name="exhaustruct" classname="/home/niko/Dev/prompt-builder/internal/prompt-builder/builder.go:31:13" file="/home/niko/Dev/prompt-builder/internal/prompt-builder/builder.go" line="31">
      <failure message="/home/niko/Dev/prompt-builder/internal/prompt-builder/builder.go:31:13: promptbuilder.Prompt is missing fields SystemMessage, FileContent, Guidelines" type=""><![CDATA[: promptbuilder.Prompt is missing fields SystemMessage, FileContent, Guidelines
Category: exhaustruct
File: /home/niko/Dev/prompt-builder/internal/prompt-builder/builder.go
Line: 31
Details: 	prompt := &Prompt{]]></failure>
    </testcase>
    <testcase name="exhaustruct" classname="/home/niko/Dev/prompt-builder/internal/prompt-builder/builder.go:63:10" file="/home/niko/Dev/prompt-builder/internal/prompt-builder/builder.go" line="63">
      <failure message="/home/niko/Dev/prompt-builder/internal/prompt-builder/builder.go:63:10: promptbuilder.BuildResult is missing field Error" type=""><![CDATA[: promptbuilder.BuildResult is missing field Error
Category: exhaustruct
File: /home/niko/Dev/prompt-builder/internal/prompt-builder/builder.go
Line: 63
Details: 	return &BuildResult{]]></failure>
    </testcase>
    <testcase name="godot" classname="/home/niko/Dev/prompt-builder/internal/prompt-builder/builder.go:9:1" file="/home/niko/Dev/prompt-builder/internal/prompt-builder/builder.go" line="9">
      <failure message="/home/niko/Dev/prompt-builder/internal/prompt-builder/builder.go:9:1: Comment should end in a period" type=""><![CDATA[: Comment should end in a period
Category: godot
File: /home/niko/Dev/prompt-builder/internal/prompt-builder/builder.go
Line: 9
Details: // PromptBuilder assembles prompts from various components]]></failure>
    </testcase>
    <testcase name="godot" classname="/home/niko/Dev/prompt-builder/internal/prompt-builder/builder.go:15:1" file="/home/niko/Dev/prompt-builder/internal/prompt-builder/builder.go" line="15">
      <failure message="/home/niko/Dev/prompt-builder/internal/prompt-builder/builder.go:15:1: Comment should end in a period" type=""><![CDATA[: Comment should end in a period
Category: godot
File: /home/niko/Dev/prompt-builder/internal/prompt-builder/builder.go
Line: 15
Details: // NewPromptBuilder creates a new prompt builder]]></failure>
    </testcase>
    <testcase name="godot" classname="/home/niko/Dev/prompt-builder/internal/prompt-builder/builder.go:23:1" file="/home/niko/Dev/prompt-builder/internal/prompt-builder/builder.go" line="23">
      <failure message="/home/niko/Dev/prompt-builder/internal/prompt-builder/builder.go:23:1: Comment should end in a period" type=""><![CDATA[: Comment should end in a period
Category: godot
File: /home/niko/Dev/prompt-builder/internal/prompt-builder/builder.go
Line: 23
Details: // BuildPrompt assembles a prompt from the given request]]></failure>
    </testcase>
    <testcase name="nlreturn" classname="/home/niko/Dev/prompt-builder/internal/prompt-builder/builder.go:78:2" file="/home/niko/Dev/prompt-builder/internal/prompt-builder/builder.go" line="78">
      <failure message="/home/niko/Dev/prompt-builder/internal/prompt-builder/builder.go:78:2: return with no blank line before" type=""><![CDATA[: return with no blank line before
Category: nlreturn
File: /home/niko/Dev/prompt-builder/internal/prompt-builder/builder.go
Line: 78
Details: 	return nil]]></failure>
    </testcase>
    <testcase name="nlreturn" classname="/home/niko/Dev/prompt-builder/internal/prompt-builder/builder.go:84:2" file="/home/niko/Dev/prompt-builder/internal/prompt-builder/builder.go" line="84">
      <failure message="/home/niko/Dev/prompt-builder/internal/prompt-builder/builder.go:84:2: return with no blank line before" type=""><![CDATA[: return with no blank line before
Category: nlreturn
File: /home/niko/Dev/prompt-builder/internal/prompt-builder/builder.go
Line: 84
Details: 	return preset, exists]]></failure>
    </testcase>
    <testcase name="nlreturn" classname="/home/niko/Dev/prompt-builder/internal/prompt-builder/builder.go:93:2" file="/home/niko/Dev/prompt-builder/internal/prompt-builder/builder.go" line="93">
      <failure message="/home/niko/Dev/prompt-builder/internal/prompt-builder/builder.go:93:2: return with no blank line before" type=""><![CDATA[: return with no blank line before
Category: nlreturn
File: /home/niko/Dev/prompt-builder/internal/prompt-builder/builder.go
Line: 93
Details: 	return presets]]></failure>
    </testcase>
    <testcase name="noinlineerr" classname="/home/niko/Dev/prompt-builder/internal/prompt-builder/builder.go:26:5" file="/home/niko/Dev/prompt-builder/internal/prompt-builder/builder.go" line="26">
      <failure message="/home/niko/Dev/prompt-builder/internal/prompt-builder/builder.go:26:5: avoid inline error handling using `if err := ...; err != nil`; use plain assignment `err := ...`" type=""><![CDATA[: avoid inline error handling using `if err := ...; err != nil`; use plain assignment `err := ...`
Category: noinlineerr
File: /home/niko/Dev/prompt-builder/internal/prompt-builder/builder.go
Line: 26
Details: 	if err := req.Validate(); err != nil {]]></failure>
    </testcase>
    <testcase name="wsl" classname="/home/niko/Dev/prompt-builder/internal/prompt-builder/builder.go:73:2" file="/home/niko/Dev/prompt-builder/internal/prompt-builder/builder.go" line="73">
      <failure message="/home/niko/Dev/prompt-builder/internal/prompt-builder/builder.go:73:2: if statements should only be cuddled with assignments" type=""><![CDATA[: if statements should only be cuddled with assignments
Category: wsl
File: /home/niko/Dev/prompt-builder/internal/prompt-builder/builder.go
Line: 73
Details: 	if strings.TrimSpace(message) == "" {]]></failure>
    </testcase>
  </testsuite>
  <testsuite name="/home/niko/Dev/prompt-builder/internal/prompt-builder/cli.go" tests="11" errors="0" failures="11">
    <testcase name="cyclop" classname="/home/niko/Dev/prompt-builder/internal/prompt-builder/cli.go:65:1" file="/home/niko/Dev/prompt-builder/internal/prompt-builder/cli.go" line="65">
      <failure message="/home/niko/Dev/prompt-builder/internal/prompt-builder/cli.go:65:1: calculated cyclomatic complexity for function RunCLI is 17, max is 10" type=""><![CDATA[: calculated cyclomatic complexity for function RunCLI is 17, max is 10
Category: cyclop
File: /home/niko/Dev/prompt-builder/internal/prompt-builder/cli.go
Line: 65
Details: func RunCLI(args []string, output io.Writer) error {]]></failure>
    </testcase>
    <testcase name="forbidigo" classname="/home/niko/Dev/prompt-builder/internal/prompt-builder/cli.go:44:2" file="/home/niko/Dev/prompt-builder/internal/prompt-builder/cli.go" line="44">
      <failure message="/home/niko/Dev/prompt-builder/internal/prompt-builder/cli.go:44:2: use of `fmt.Print` forbidden by pattern `^(fmt\.Print(|f|ln)|print|println)$`" type=""><![CDATA[: use of `fmt.Print` forbidden by pattern `^(fmt\.Print(|f|ln)|print|println)$`
Category: forbidigo
File: /home/niko/Dev/prompt-builder/internal/prompt-builder/cli.go
Line: 44
Details: 	fmt.Print(`Usage: prompt-builder [OPTIONS]]]></failure>
    </testcase>
    <testcase name="gofmt" classname="/home/niko/Dev/prompt-builder/internal/prompt-builder/cli.go:110:1" file="/home/niko/Dev/prompt-builder/internal/prompt-builder/cli.go" line="110">
      <failure message="/home/niko/Dev/prompt-builder/internal/prompt-builder/cli.go:110:1: File is not properly formatted" type=""><![CDATA[: File is not properly formatted
Category: gofmt
File: /home/niko/Dev/prompt-builder/internal/prompt-builder/cli.go
Line: 110
Details: 		jsonData := map[string]interface{}{]]></failure>
    </testcase>
    <testcase name="golines" classname="/home/niko/Dev/prompt-builder/internal/prompt-builder/cli.go:81:1" file="/home/niko/Dev/prompt-builder/internal/prompt-builder/cli.go" line="81">
      <failure message="/home/niko/Dev/prompt-builder/internal/prompt-builder/cli.go:81:1: File is not properly formatted" type=""><![CDATA[: File is not properly formatted
Category: golines
File: /home/niko/Dev/prompt-builder/internal/prompt-builder/cli.go
Line: 81
Details: 	fileProcessor := NewFileProcessor(1024*1024, []string{".go", ".py", ".js", ".ts", ".java", ".cpp", ".c", ".h", ".cs", ".php", ".rb", ".rs", ".txt", ".md"})]]></failure>
    </testcase>
    <testcase name="lll" classname="/home/niko/Dev/prompt-builder/internal/prompt-builder/cli.go:87:1" file="/home/niko/Dev/prompt-builder/internal/prompt-builder/cli.go" line="87">
      <failure message="/home/niko/Dev/prompt-builder/internal/prompt-builder/cli.go:87:1: The line is 149 characters long, which exceeds the maximum of 120 characters." type=""><![CDATA[: The line is 149 characters long, which exceeds the maximum of 120 characters.
Category: lll
File: /home/niko/Dev/prompt-builder/internal/prompt-builder/cli.go
Line: 87
Details: 	if err := builder.AddSystemPreset("coding", "You are an expert software developer. Write clean, efficient, and well-documented code."); err != nil {]]></failure>
    </testcase>
    <testcase name="lll" classname="/home/niko/Dev/prompt-builder/internal/prompt-builder/cli.go:90:1" file="/home/niko/Dev/prompt-builder/internal/prompt-builder/cli.go" line="90">
      <failure message="/home/niko/Dev/prompt-builder/internal/prompt-builder/cli.go:90:1: The line is 135 characters long, which exceeds the maximum of 120 characters." type=""><![CDATA[: The line is 135 characters long, which exceeds the maximum of 120 characters.
Category: lll
File: /home/niko/Dev/prompt-builder/internal/prompt-builder/cli.go
Line: 90
Details: 	if err := builder.AddSystemPreset("analysis", "You are an expert code analyst. Provide detailed analysis and insights."); err != nil {]]></failure>
    </testcase>
    <testcase name="lll" classname="/home/niko/Dev/prompt-builder/internal/prompt-builder/cli.go:93:1" file="/home/niko/Dev/prompt-builder/internal/prompt-builder/cli.go" line="93">
      <failure message="/home/niko/Dev/prompt-builder/internal/prompt-builder/cli.go:93:1: The line is 150 characters long, which exceeds the maximum of 120 characters." type=""><![CDATA[: The line is 150 characters long, which exceeds the maximum of 120 characters.
Category: lll
File: /home/niko/Dev/prompt-builder/internal/prompt-builder/cli.go
Line: 93
Details: 	if err := builder.AddSystemPreset("documentation", "You are an expert technical writer. Create clear and comprehensive documentation."); err != nil {]]></failure>
    </testcase>
    <testcase name="noinlineerr" classname="/home/niko/Dev/prompt-builder/internal/prompt-builder/cli.go:30:5" file="/home/niko/Dev/prompt-builder/internal/prompt-builder/cli.go" line="30">
      <failure message="/home/niko/Dev/prompt-builder/internal/prompt-builder/cli.go:30:5: avoid inline error handling using `if err := ...; err != nil`; use plain assignment `err := ...`" type=""><![CDATA[: avoid inline error handling using `if err := ...; err != nil`; use plain assignment `err := ...`
Category: noinlineerr
File: /home/niko/Dev/prompt-builder/internal/prompt-builder/cli.go
Line: 30
Details: 	if err := fs.Parse(args); err != nil {]]></failure>
    </testcase>
    <testcase name="varnamelen" classname="/home/niko/Dev/prompt-builder/internal/prompt-builder/cli.go:12:2" file="/home/niko/Dev/prompt-builder/internal/prompt-builder/cli.go" line="12">
      <failure message="/home/niko/Dev/prompt-builder/internal/prompt-builder/cli.go:12:2: variable name &#39;fs&#39; is too short for the scope of its usage" type=""><![CDATA[: variable name 'fs' is too short for the scope of its usage
Category: varnamelen
File: /home/niko/Dev/prompt-builder/internal/prompt-builder/cli.go
Line: 12
Details: 	fs := flag.NewFlagSet("prompt-builder", flag.ExitOnError)]]></failure>
    </testcase>
    <testcase name="wsl" classname="/home/niko/Dev/prompt-builder/internal/prompt-builder/cli.go:117:3" file="/home/niko/Dev/prompt-builder/internal/prompt-builder/cli.go" line="117">
      <failure message="/home/niko/Dev/prompt-builder/internal/prompt-builder/cli.go:117:3: only one cuddle assignment allowed before if statement" type=""><![CDATA[: only one cuddle assignment allowed before if statement
Category: wsl
File: /home/niko/Dev/prompt-builder/internal/prompt-builder/cli.go
Line: 117
Details: 		if err != nil {]]></failure>
    </testcase>
    <testcase name="wsl_v5" classname="/home/niko/Dev/prompt-builder/internal/prompt-builder/cli.go:116:3" file="/home/niko/Dev/prompt-builder/internal/prompt-builder/cli.go" line="116">
      <failure message="/home/niko/Dev/prompt-builder/internal/prompt-builder/cli.go:116:3: missing whitespace above this line (too many statements above if)" type=""><![CDATA[: missing whitespace above this line (too many statements above if)
Category: wsl_v5
File: /home/niko/Dev/prompt-builder/internal/prompt-builder/cli.go
Line: 116
Details: 		jsonBytes, err := json.MarshalIndent(jsonData, "", "  ")]]></failure>
    </testcase>
  </testsuite>
  <testsuite name="/home/niko/Dev/prompt-builder/internal/prompt-builder/cli_test.go" tests="27" errors="0" failures="27">
    <testcase name="exhaustruct" classname="/home/niko/Dev/prompt-builder/internal/prompt-builder/cli_test.go:17:11" file="/home/niko/Dev/prompt-builder/internal/prompt-builder/cli_test.go" line="17">
      <failure message="/home/niko/Dev/prompt-builder/internal/prompt-builder/cli_test.go:17:11: promptbuilder.CLIFlags is missing fields File, Task, SystemMessage, Guidelines, OutputFormat" type=""><![CDATA[: promptbuilder.CLIFlags is missing fields File, Task, SystemMessage, Guidelines, OutputFormat
Category: exhaustruct
File: /home/niko/Dev/prompt-builder/internal/prompt-builder/cli_test.go
Line: 17
Details: 			flags: CLIFlags{]]></failure>
    </testcase>
    <testcase name="exhaustruct" classname="/home/niko/Dev/prompt-builder/internal/prompt-builder/cli_test.go:24:11" file="/home/niko/Dev/prompt-builder/internal/prompt-builder/cli_test.go" line="24">
      <failure message="/home/niko/Dev/prompt-builder/internal/prompt-builder/cli_test.go:24:11: promptbuilder.CLIFlags is missing fields Task, SystemMessage, Guidelines, OutputFormat" type=""><![CDATA[: promptbuilder.CLIFlags is missing fields Task, SystemMessage, Guidelines, OutputFormat
Category: exhaustruct
File: /home/niko/Dev/prompt-builder/internal/prompt-builder/cli_test.go
Line: 24
Details: 			flags: CLIFlags{]]></failure>
    </testcase>
    <testcase name="exhaustruct" classname="/home/niko/Dev/prompt-builder/internal/prompt-builder/cli_test.go:32:11" file="/home/niko/Dev/prompt-builder/internal/prompt-builder/cli_test.go" line="32">
      <failure message="/home/niko/Dev/prompt-builder/internal/prompt-builder/cli_test.go:32:11: promptbuilder.CLIFlags is missing fields File, Task, SystemMessage, Guidelines, OutputFormat" type=""><![CDATA[: promptbuilder.CLIFlags is missing fields File, Task, SystemMessage, Guidelines, OutputFormat
Category: exhaustruct
File: /home/niko/Dev/prompt-builder/internal/prompt-builder/cli_test.go
Line: 32
Details: 			flags: CLIFlags{]]></failure>
    </testcase>
    <testcase name="exhaustruct" classname="/home/niko/Dev/prompt-builder/internal/prompt-builder/cli_test.go:39:11" file="/home/niko/Dev/prompt-builder/internal/prompt-builder/cli_test.go" line="39">
      <failure message="/home/niko/Dev/prompt-builder/internal/prompt-builder/cli_test.go:39:11: promptbuilder.CLIFlags is missing fields File, Task, SystemMessage, Guidelines, OutputFormat" type=""><![CDATA[: promptbuilder.CLIFlags is missing fields File, Task, SystemMessage, Guidelines, OutputFormat
Category: exhaustruct
File: /home/niko/Dev/prompt-builder/internal/prompt-builder/cli_test.go
Line: 39
Details: 			flags: CLIFlags{]]></failure>
    </testcase>
    <testcase name="exhaustruct" classname="/home/niko/Dev/prompt-builder/internal/prompt-builder/cli_test.go:46:11" file="/home/niko/Dev/prompt-builder/internal/prompt-builder/cli_test.go" line="46">
      <failure message="/home/niko/Dev/prompt-builder/internal/prompt-builder/cli_test.go:46:11: promptbuilder.CLIFlags is missing fields File, SystemMessage, Guidelines, OutputFormat" type=""><![CDATA[: promptbuilder.CLIFlags is missing fields File, SystemMessage, Guidelines, OutputFormat
Category: exhaustruct
File: /home/niko/Dev/prompt-builder/internal/prompt-builder/cli_test.go
Line: 46
Details: 			flags: CLIFlags{]]></failure>
    </testcase>
    <testcase name="exhaustruct" classname="/home/niko/Dev/prompt-builder/internal/prompt-builder/cli_test.go:54:11" file="/home/niko/Dev/prompt-builder/internal/prompt-builder/cli_test.go" line="54">
      <failure message="/home/niko/Dev/prompt-builder/internal/prompt-builder/cli_test.go:54:11: promptbuilder.CLIFlags is missing fields File, Task, Guidelines, OutputFormat" type=""><![CDATA[: promptbuilder.CLIFlags is missing fields File, Task, Guidelines, OutputFormat
Category: exhaustruct
File: /home/niko/Dev/prompt-builder/internal/prompt-builder/cli_test.go
Line: 54
Details: 			flags: CLIFlags{]]></failure>
    </testcase>
    <testcase name="exhaustruct" classname="/home/niko/Dev/prompt-builder/internal/prompt-builder/cli_test.go:62:11" file="/home/niko/Dev/prompt-builder/internal/prompt-builder/cli_test.go" line="62">
      <failure message="/home/niko/Dev/prompt-builder/internal/prompt-builder/cli_test.go:62:11: promptbuilder.CLIFlags is missing fields File, Task, SystemMessage, OutputFormat" type=""><![CDATA[: promptbuilder.CLIFlags is missing fields File, Task, SystemMessage, OutputFormat
Category: exhaustruct
File: /home/niko/Dev/prompt-builder/internal/prompt-builder/cli_test.go
Line: 62
Details: 			flags: CLIFlags{]]></failure>
    </testcase>
    <testcase name="exhaustruct" classname="/home/niko/Dev/prompt-builder/internal/prompt-builder/cli_test.go:71:11" file="/home/niko/Dev/prompt-builder/internal/prompt-builder/cli_test.go" line="71">
      <failure message="/home/niko/Dev/prompt-builder/internal/prompt-builder/cli_test.go:71:11: promptbuilder.CLIFlags is missing fields File, Task, SystemMessage, Guidelines" type=""><![CDATA[: promptbuilder.CLIFlags is missing fields File, Task, SystemMessage, Guidelines
Category: exhaustruct
File: /home/niko/Dev/prompt-builder/internal/prompt-builder/cli_test.go
Line: 71
Details: 			flags: CLIFlags{]]></failure>
    </testcase>
    <testcase name="exhaustruct" classname="/home/niko/Dev/prompt-builder/internal/prompt-builder/cli_test.go:139:10" file="/home/niko/Dev/prompt-builder/internal/prompt-builder/cli_test.go" line="139">
      <failure message="/home/niko/Dev/prompt-builder/internal/prompt-builder/cli_test.go:139:10: promptbuilder.CLIFlags is missing fields Task, SystemMessage, Guidelines, OutputFormat" type=""><![CDATA[: promptbuilder.CLIFlags is missing fields Task, SystemMessage, Guidelines, OutputFormat
Category: exhaustruct
File: /home/niko/Dev/prompt-builder/internal/prompt-builder/cli_test.go
Line: 139
Details: 			want: CLIFlags{]]></failure>
    </testcase>
    <testcase name="exhaustruct" classname="/home/niko/Dev/prompt-builder/internal/prompt-builder/cli_test.go:148:10" file="/home/niko/Dev/prompt-builder/internal/prompt-builder/cli_test.go" line="148">
      <failure message="/home/niko/Dev/prompt-builder/internal/prompt-builder/cli_test.go:148:10: promptbuilder.CLIFlags is missing fields File, SystemMessage, Guidelines, OutputFormat" type=""><![CDATA[: promptbuilder.CLIFlags is missing fields File, SystemMessage, Guidelines, OutputFormat
Category: exhaustruct
File: /home/niko/Dev/prompt-builder/internal/prompt-builder/cli_test.go
Line: 148
Details: 			want: CLIFlags{]]></failure>
    </testcase>
    <testcase name="exhaustruct" classname="/home/niko/Dev/prompt-builder/internal/prompt-builder/cli_test.go:157:10" file="/home/niko/Dev/prompt-builder/internal/prompt-builder/cli_test.go" line="157">
      <failure message="/home/niko/Dev/prompt-builder/internal/prompt-builder/cli_test.go:157:10: promptbuilder.CLIFlags is missing fields File, Task, Guidelines, OutputFormat" type=""><![CDATA[: promptbuilder.CLIFlags is missing fields File, Task, Guidelines, OutputFormat
Category: exhaustruct
File: /home/niko/Dev/prompt-builder/internal/prompt-builder/cli_test.go
Line: 157
Details: 			want: CLIFlags{]]></failure>
    </testcase>
    <testcase name="exhaustruct" classname="/home/niko/Dev/prompt-builder/internal/prompt-builder/cli_test.go:166:10" file="/home/niko/Dev/prompt-builder/internal/prompt-builder/cli_test.go" line="166">
      <failure message="/home/niko/Dev/prompt-builder/internal/prompt-builder/cli_test.go:166:10: promptbuilder.CLIFlags is missing fields File, Task, SystemMessage, OutputFormat" type=""><![CDATA[: promptbuilder.CLIFlags is missing fields File, Task, SystemMessage, OutputFormat
Category: exhaustruct
File: /home/niko/Dev/prompt-builder/internal/prompt-builder/cli_test.go
Line: 166
Details: 			want: CLIFlags{]]></failure>
    </testcase>
    <testcase name="exhaustruct" classname="/home/niko/Dev/prompt-builder/internal/prompt-builder/cli_test.go:175:10" file="/home/niko/Dev/prompt-builder/internal/prompt-builder/cli_test.go" line="175">
      <failure message="/home/niko/Dev/prompt-builder/internal/prompt-builder/cli_test.go:175:10: promptbuilder.CLIFlags is missing fields File, Task, SystemMessage, Guidelines" type=""><![CDATA[: promptbuilder.CLIFlags is missing fields File, Task, SystemMessage, Guidelines
Category: exhaustruct
File: /home/niko/Dev/prompt-builder/internal/prompt-builder/cli_test.go
Line: 175
Details: 			want: CLIFlags{]]></failure>
    </testcase>
    <testcase name="exhaustruct" classname="/home/niko/Dev/prompt-builder/internal/prompt-builder/cli_test.go:181:3" file="/home/niko/Dev/prompt-builder/internal/prompt-builder/cli_test.go" line="181">
      <failure message="/home/niko/Dev/prompt-builder/internal/prompt-builder/cli_test.go:181:3: promptbuilder.&lt;anonymous&gt; is missing field want" type=""><![CDATA[: promptbuilder.<anonymous> is missing field want
Category: exhaustruct
File: /home/niko/Dev/prompt-builder/internal/prompt-builder/cli_test.go
Line: 181
Details: 		{]]></failure>
    </testcase>
    <testcase name="exhaustruct" classname="/home/niko/Dev/prompt-builder/internal/prompt-builder/cli_test.go:186:3" file="/home/niko/Dev/prompt-builder/internal/prompt-builder/cli_test.go" line="186">
      <failure message="/home/niko/Dev/prompt-builder/internal/prompt-builder/cli_test.go:186:3: promptbuilder.&lt;anonymous&gt; is missing field want" type=""><![CDATA[: promptbuilder.<anonymous> is missing field want
Category: exhaustruct
File: /home/niko/Dev/prompt-builder/internal/prompt-builder/cli_test.go
Line: 186
Details: 		{]]></failure>
    </testcase>
    <testcase name="funlen" classname="/home/niko/Dev/prompt-builder/internal/prompt-builder/cli_test.go:9:6" file="/home/niko/Dev/prompt-builder/internal/prompt-builder/cli_test.go" line="9">
      <failure message="/home/niko/Dev/prompt-builder/internal/prompt-builder/cli_test.go:9:6: Function &#39;TestCLIFlags_Validate&#39; is too long (77 &gt; 60)" type=""><![CDATA[: Function 'TestCLIFlags_Validate' is too long (77 > 60)
Category: funlen
File: /home/niko/Dev/prompt-builder/internal/prompt-builder/cli_test.go
Line: 9
Details: func TestCLIFlags_Validate(t *testing.T) {]]></failure>
    </testcase>
    <testcase name="funlen" classname="/home/niko/Dev/prompt-builder/internal/prompt-builder/cli_test.go:224:6" file="/home/niko/Dev/prompt-builder/internal/prompt-builder/cli_test.go" line="224">
      <failure message="/home/niko/Dev/prompt-builder/internal/prompt-builder/cli_test.go:224:6: Function &#39;TestRunCLI&#39; is too long (67 &gt; 60)" type=""><![CDATA[: Function 'TestRunCLI' is too long (67 > 60)
Category: funlen
File: /home/niko/Dev/prompt-builder/internal/prompt-builder/cli_test.go
Line: 224
Details: func TestRunCLI(t *testing.T) {]]></failure>
    </testcase>
    <testcase name="gocognit" classname="/home/niko/Dev/prompt-builder/internal/prompt-builder/cli_test.go:121:1" file="/home/niko/Dev/prompt-builder/internal/prompt-builder/cli_test.go" line="121">
      <failure message="/home/niko/Dev/prompt-builder/internal/prompt-builder/cli_test.go:121:1: cognitive complexity 31 of func `TestParseFlags` is high (&gt; 30)" type=""><![CDATA[: cognitive complexity 31 of func `TestParseFlags` is high (> 30)
Category: gocognit
File: /home/niko/Dev/prompt-builder/internal/prompt-builder/cli_test.go
Line: 121
Details: func TestParseFlags(t *testing.T) {]]></failure>
    </testcase>
    <testcase name="nestif" classname="/home/niko/Dev/prompt-builder/internal/prompt-builder/cli_test.go:200:1" file="/home/niko/Dev/prompt-builder/internal/prompt-builder/cli_test.go" line="200">
      <failure message="/home/niko/Dev/prompt-builder/internal/prompt-builder/cli_test.go:200:1: `if !tt.wantErr` has complex nested blocks (complexity: 6)" type=""><![CDATA[: `if !tt.wantErr` has complex nested blocks (complexity: 6)
Category: nestif
File: /home/niko/Dev/prompt-builder/internal/prompt-builder/cli_test.go
Line: 200
Details: 			if !tt.wantErr {]]></failure>
    </testcase>
    <testcase name="paralleltest" classname="/home/niko/Dev/prompt-builder/internal/prompt-builder/cli_test.go:79:2" file="/home/niko/Dev/prompt-builder/internal/prompt-builder/cli_test.go" line="79">
      <failure message="/home/niko/Dev/prompt-builder/internal/prompt-builder/cli_test.go:79:2: Range statement for test TestCLIFlags_Validate missing the call to method parallel in test Run&#xA;" type=""><![CDATA[: Range statement for test TestCLIFlags_Validate missing the call to method parallel in test Run

Category: paralleltest
File: /home/niko/Dev/prompt-builder/internal/prompt-builder/cli_test.go
Line: 79
Details: 	for _, tt := range tests {]]></failure>
    </testcase>
    <testcase name="paralleltest" classname="/home/niko/Dev/prompt-builder/internal/prompt-builder/cli_test.go:89:1" file="/home/niko/Dev/prompt-builder/internal/prompt-builder/cli_test.go" line="89">
      <failure message="/home/niko/Dev/prompt-builder/internal/prompt-builder/cli_test.go:89:1: Function TestCLIFlags_ToBuildRequest missing the call to method parallel&#xA;" type=""><![CDATA[: Function TestCLIFlags_ToBuildRequest missing the call to method parallel

Category: paralleltest
File: /home/niko/Dev/prompt-builder/internal/prompt-builder/cli_test.go
Line: 89
Details: func TestCLIFlags_ToBuildRequest(t *testing.T) {]]></failure>
    </testcase>
    <testcase name="paralleltest" classname="/home/niko/Dev/prompt-builder/internal/prompt-builder/cli_test.go:193:2" file="/home/niko/Dev/prompt-builder/internal/prompt-builder/cli_test.go" line="193">
      <failure message="/home/niko/Dev/prompt-builder/internal/prompt-builder/cli_test.go:193:2: Range statement for test TestParseFlags missing the call to method parallel in test Run&#xA;" type=""><![CDATA[: Range statement for test TestParseFlags missing the call to method parallel in test Run

Category: paralleltest
File: /home/niko/Dev/prompt-builder/internal/prompt-builder/cli_test.go
Line: 193
Details: 	for _, tt := range tests {]]></failure>
    </testcase>
    <testcase name="paralleltest" classname="/home/niko/Dev/prompt-builder/internal/prompt-builder/cli_test.go:281:2" file="/home/niko/Dev/prompt-builder/internal/prompt-builder/cli_test.go" line="281">
      <failure message="/home/niko/Dev/prompt-builder/internal/prompt-builder/cli_test.go:281:2: Range statement for test TestRunCLI missing the call to method parallel in test Run&#xA;" type=""><![CDATA[: Range statement for test TestRunCLI missing the call to method parallel in test Run

Category: paralleltest
File: /home/niko/Dev/prompt-builder/internal/prompt-builder/cli_test.go
Line: 281
Details: 	for _, tt := range tests {]]></failure>
    </testcase>
    <testcase name="testpackage" classname="/home/niko/Dev/prompt-builder/internal/prompt-builder/cli_test.go:1:9" file="/home/niko/Dev/prompt-builder/internal/prompt-builder/cli_test.go" line="1">
      <failure message="/home/niko/Dev/prompt-builder/internal/prompt-builder/cli_test.go:1:9: package should be `promptbuilder_test` instead of `promptbuilder`" type=""><![CDATA[: package should be `promptbuilder_test` instead of `promptbuilder`
Category: testpackage
File: /home/niko/Dev/prompt-builder/internal/prompt-builder/cli_test.go
Line: 1
Details: package promptbuilder]]></failure>
    </testcase>
    <testcase name="wsl" classname="/home/niko/Dev/prompt-builder/internal/prompt-builder/cli_test.go:235:2" file="/home/niko/Dev/prompt-builder/internal/prompt-builder/cli_test.go" line="235">
      <failure message="/home/niko/Dev/prompt-builder/internal/prompt-builder/cli_test.go:235:2: only one cuddle assignment allowed before defer statement" type=""><![CDATA[: only one cuddle assignment allowed before defer statement
Category: wsl
File: /home/niko/Dev/prompt-builder/internal/prompt-builder/cli_test.go
Line: 235
Details: 	defer func() {]]></failure>
    </testcase>
    <testcase name="wsl" classname="/home/niko/Dev/prompt-builder/internal/prompt-builder/cli_test.go:285:4" file="/home/niko/Dev/prompt-builder/internal/prompt-builder/cli_test.go" line="285">
      <failure message="/home/niko/Dev/prompt-builder/internal/prompt-builder/cli_test.go:285:4: only one cuddle assignment allowed before if statement" type=""><![CDATA[: only one cuddle assignment allowed before if statement
Category: wsl
File: /home/niko/Dev/prompt-builder/internal/prompt-builder/cli_test.go
Line: 285
Details: 			if (err != nil) != tt.wantErr {]]></failure>
    </testcase>
    <testcase name="wsl_v5" classname="/home/niko/Dev/prompt-builder/internal/prompt-builder/cli_test.go:284:4" file="/home/niko/Dev/prompt-builder/internal/prompt-builder/cli_test.go" line="284">
      <failure message="/home/niko/Dev/prompt-builder/internal/prompt-builder/cli_test.go:284:4: missing whitespace above this line (invalid statement above assign)" type=""><![CDATA[: missing whitespace above this line (invalid statement above assign)
Category: wsl_v5
File: /home/niko/Dev/prompt-builder/internal/prompt-builder/cli_test.go
Line: 284
Details: 			err := RunCLI(tt.args, &buf)]]></failure>
    </testcase>
  </testsuite>
  <testsuite name="/home/niko/Dev/prompt-builder/internal/prompt-builder/file_processor.go" tests="13" errors="0" failures="13">
    <testcase name="err113" classname="/home/niko/Dev/prompt-builder/internal/prompt-builder/file_processor.go:52:15" file="/home/niko/Dev/prompt-builder/internal/prompt-builder/file_processor.go" line="52">
      <failure message="/home/niko/Dev/prompt-builder/internal/prompt-builder/file_processor.go:52:15: do not define dynamic errors, use wrapped static errors instead: &#34;fmt.Errorf(\&#34;file %s is too large (%d bytes, max %d bytes)\&#34;,\n\tpath, len(content), fp.maxFileSize)&#34;" type=""><![CDATA[: do not define dynamic errors, use wrapped static errors instead: "fmt.Errorf(\"file %s is too large (%d bytes, max %d bytes)\",\n\tpath, len(content), fp.maxFileSize)"
Category: err113
File: /home/niko/Dev/prompt-builder/internal/prompt-builder/file_processor.go
Line: 52
Details: 		return nil, fmt.Errorf("file %s is too large (%d bytes, max %d bytes)",]]></failure>
    </testcase>
    <testcase name="err113" classname="/home/niko/Dev/prompt-builder/internal/prompt-builder/file_processor.go:95:10" file="/home/niko/Dev/prompt-builder/internal/prompt-builder/file_processor.go" line="95">
      <failure message="/home/niko/Dev/prompt-builder/internal/prompt-builder/file_processor.go:95:10: do not define dynamic errors, use wrapped static errors instead: &#34;fmt.Errorf(\&#34;file path is required\&#34;)&#34;" type=""><![CDATA[: do not define dynamic errors, use wrapped static errors instead: "fmt.Errorf(\"file path is required\")"
Category: err113
File: /home/niko/Dev/prompt-builder/internal/prompt-builder/file_processor.go
Line: 95
Details: 		return fmt.Errorf("file path is required")]]></failure>
    </testcase>
    <testcase name="err113" classname="/home/niko/Dev/prompt-builder/internal/prompt-builder/file_processor.go:100:10" file="/home/niko/Dev/prompt-builder/internal/prompt-builder/file_processor.go" line="100">
      <failure message="/home/niko/Dev/prompt-builder/internal/prompt-builder/file_processor.go:100:10: do not define dynamic errors, use wrapped static errors instead: &#34;fmt.Errorf(\&#34;file must have an extension\&#34;)&#34;" type=""><![CDATA[: do not define dynamic errors, use wrapped static errors instead: "fmt.Errorf(\"file must have an extension\")"
Category: err113
File: /home/niko/Dev/prompt-builder/internal/prompt-builder/file_processor.go
Line: 100
Details: 		return fmt.Errorf("file must have an extension")]]></failure>
    </testcase>
    <testcase name="err113" classname="/home/niko/Dev/prompt-builder/internal/prompt-builder/file_processor.go:113:10" file="/home/niko/Dev/prompt-builder/internal/prompt-builder/file_processor.go" line="113">
      <failure message="/home/niko/Dev/prompt-builder/internal/prompt-builder/file_processor.go:113:10: do not define dynamic errors, use wrapped static errors instead: &#34;fmt.Errorf(\&#34;file extension %s is not allowed. Allowed extensions: %v\&#34;,\n\text, fp.allowedExtensions)&#34;" type=""><![CDATA[: do not define dynamic errors, use wrapped static errors instead: "fmt.Errorf(\"file extension %s is not allowed. Allowed extensions: %v\",\n\text, fp.allowedExtensions)"
Category: err113
File: /home/niko/Dev/prompt-builder/internal/prompt-builder/file_processor.go
Line: 113
Details: 		return fmt.Errorf("file extension %s is not allowed. Allowed extensions: %v",]]></failure>
    </testcase>
    <testcase name="err113" classname="/home/niko/Dev/prompt-builder/internal/prompt-builder/file_processor.go:161:11" file="/home/niko/Dev/prompt-builder/internal/prompt-builder/file_processor.go" line="161">
      <failure message="/home/niko/Dev/prompt-builder/internal/prompt-builder/file_processor.go:161:11: do not define dynamic errors, use wrapped static errors instead: &#34;fmt.Errorf(\&#34;file path %s contains suspicious pattern: %s\&#34;, absPath, pattern)&#34;" type=""><![CDATA[: do not define dynamic errors, use wrapped static errors instead: "fmt.Errorf(\"file path %s contains suspicious pattern: %s\", absPath, pattern)"
Category: err113
File: /home/niko/Dev/prompt-builder/internal/prompt-builder/file_processor.go
Line: 161
Details: 			return fmt.Errorf("file path %s contains suspicious pattern: %s", absPath, pattern)]]></failure>
    </testcase>
    <testcase name="err113" classname="/home/niko/Dev/prompt-builder/internal/prompt-builder/file_processor.go:180:11" file="/home/niko/Dev/prompt-builder/internal/prompt-builder/file_processor.go" line="180">
      <failure message="/home/niko/Dev/prompt-builder/internal/prompt-builder/file_processor.go:180:11: do not define dynamic errors, use wrapped static errors instead: &#34;fmt.Errorf(\&#34;file path %s is outside allowed directories (home: %s, cwd: %s)\&#34;, absPath, homeDir, cwd)&#34;" type=""><![CDATA[: do not define dynamic errors, use wrapped static errors instead: "fmt.Errorf(\"file path %s is outside allowed directories (home: %s, cwd: %s)\", absPath, homeDir, cwd)"
Category: err113
File: /home/niko/Dev/prompt-builder/internal/prompt-builder/file_processor.go
Line: 180
Details: 			return fmt.Errorf("file path %s is outside allowed directories (home: %s, cwd: %s)", absPath, homeDir, cwd)]]></failure>
    </testcase>
    <testcase name="err113" classname="/home/niko/Dev/prompt-builder/internal/prompt-builder/file_processor.go:191:10" file="/home/niko/Dev/prompt-builder/internal/prompt-builder/file_processor.go" line="191">
      <failure message="/home/niko/Dev/prompt-builder/internal/prompt-builder/file_processor.go:191:10: do not define dynamic errors, use wrapped static errors instead: &#34;fmt.Errorf(\&#34;path %s is a directory, not a file\&#34;, absPath)&#34;" type=""><![CDATA[: do not define dynamic errors, use wrapped static errors instead: "fmt.Errorf(\"path %s is a directory, not a file\", absPath)"
Category: err113
File: /home/niko/Dev/prompt-builder/internal/prompt-builder/file_processor.go
Line: 191
Details: 		return fmt.Errorf("path %s is a directory, not a file", absPath)]]></failure>
    </testcase>
    <testcase name="golines" classname="/home/niko/Dev/prompt-builder/internal/prompt-builder/file_processor.go:122:1" file="/home/niko/Dev/prompt-builder/internal/prompt-builder/file_processor.go" line="122">
      <failure message="/home/niko/Dev/prompt-builder/internal/prompt-builder/file_processor.go:122:1: File is not properly formatted" type=""><![CDATA[: File is not properly formatted
Category: golines
File: /home/niko/Dev/prompt-builder/internal/prompt-builder/file_processor.go
Line: 122
Details: 	codeExtensions := []string{".go", ".py", ".js", ".ts", ".java", ".cpp", ".c", ".h", ".cs", ".php", ".rb", ".rs"}]]></failure>
    </testcase>
    <testcase name="nlreturn" classname="/home/niko/Dev/prompt-builder/internal/prompt-builder/file_processor.go:108:4" file="/home/niko/Dev/prompt-builder/internal/prompt-builder/file_processor.go" line="108">
      <failure message="/home/niko/Dev/prompt-builder/internal/prompt-builder/file_processor.go:108:4: break with no blank line before" type=""><![CDATA[: break with no blank line before
Category: nlreturn
File: /home/niko/Dev/prompt-builder/internal/prompt-builder/file_processor.go
Line: 108
Details: 			break]]></failure>
    </testcase>
    <testcase name="perfsprint" classname="/home/niko/Dev/prompt-builder/internal/prompt-builder/file_processor.go:87:22" file="/home/niko/Dev/prompt-builder/internal/prompt-builder/file_processor.go" line="87">
      <failure message="/home/niko/Dev/prompt-builder/internal/prompt-builder/file_processor.go:87:22: string-format: fmt.Sprintf can be replaced with string concatenation" type=""><![CDATA[: string-format: fmt.Sprintf can be replaced with string concatenation
Category: perfsprint
File: /home/niko/Dev/prompt-builder/internal/prompt-builder/file_processor.go
Line: 87
Details: 	builder.WriteString(fmt.Sprintf("\nEND %s", filename))]]></failure>
    </testcase>
    <testcase name="wsl" classname="/home/niko/Dev/prompt-builder/internal/prompt-builder/file_processor.go:74:2" file="/home/niko/Dev/prompt-builder/internal/prompt-builder/file_processor.go" line="74">
      <failure message="/home/niko/Dev/prompt-builder/internal/prompt-builder/file_processor.go:74:2: expressions should not be cuddled with declarations or returns" type=""><![CDATA[: expressions should not be cuddled with declarations or returns
Category: wsl
File: /home/niko/Dev/prompt-builder/internal/prompt-builder/file_processor.go
Line: 74
Details: 	builder.WriteString(fmt.Sprintf("BEGIN %s\n", filename))]]></failure>
    </testcase>
    <testcase name="wsl" classname="/home/niko/Dev/prompt-builder/internal/prompt-builder/file_processor.go:105:2" file="/home/niko/Dev/prompt-builder/internal/prompt-builder/file_processor.go" line="105">
      <failure message="/home/niko/Dev/prompt-builder/internal/prompt-builder/file_processor.go:105:2: ranges should only be cuddled with assignments used in the iteration" type=""><![CDATA[: ranges should only be cuddled with assignments used in the iteration
Category: wsl
File: /home/niko/Dev/prompt-builder/internal/prompt-builder/file_processor.go
Line: 105
Details: 	for _, allowedExt := range fp.allowedExtensions {]]></failure>
    </testcase>
    <testcase name="wsl" classname="/home/niko/Dev/prompt-builder/internal/prompt-builder/file_processor.go:179:3" file="/home/niko/Dev/prompt-builder/internal/prompt-builder/file_processor.go" line="179">
      <failure message="/home/niko/Dev/prompt-builder/internal/prompt-builder/file_processor.go:179:3: if statements should only be cuddled with assignments" type=""><![CDATA[: if statements should only be cuddled with assignments
Category: wsl
File: /home/niko/Dev/prompt-builder/internal/prompt-builder/file_processor.go
Line: 179
Details: 		if !strings.HasPrefix(absPath, cwd) {]]></failure>
    </testcase>
  </testsuite>
  <testsuite name="/home/niko/Dev/prompt-builder/internal/prompt-builder/file_processor_test.go" tests="9" errors="0" failures="9">
    <testcase name="funlen" classname="/home/niko/Dev/prompt-builder/internal/prompt-builder/file_processor_test.go:9:6" file="/home/niko/Dev/prompt-builder/internal/prompt-builder/file_processor_test.go" line="9">
      <failure message="/home/niko/Dev/prompt-builder/internal/prompt-builder/file_processor_test.go:9:6: Function &#39;TestFileProcessor_validatePathSecurity&#39; is too long (70 &gt; 60)" type=""><![CDATA[: Function 'TestFileProcessor_validatePathSecurity' is too long (70 > 60)
Category: funlen
File: /home/niko/Dev/prompt-builder/internal/prompt-builder/file_processor_test.go
Line: 9
Details: func TestFileProcessor_validatePathSecurity(t *testing.T) {]]></failure>
    </testcase>
    <testcase name="paralleltest" classname="/home/niko/Dev/prompt-builder/internal/prompt-builder/file_processor_test.go:66:2" file="/home/niko/Dev/prompt-builder/internal/prompt-builder/file_processor_test.go" line="66">
      <failure message="/home/niko/Dev/prompt-builder/internal/prompt-builder/file_processor_test.go:66:2: Range statement for test TestFileProcessor_validatePathSecurity missing the call to method parallel in test Run&#xA;" type=""><![CDATA[: Range statement for test TestFileProcessor_validatePathSecurity missing the call to method parallel in test Run

Category: paralleltest
File: /home/niko/Dev/prompt-builder/internal/prompt-builder/file_processor_test.go
Line: 66
Details: 	for _, tt := range tests {]]></failure>
    </testcase>
    <testcase name="paralleltest" classname="/home/niko/Dev/prompt-builder/internal/prompt-builder/file_processor_test.go:85:1" file="/home/niko/Dev/prompt-builder/internal/prompt-builder/file_processor_test.go" line="85">
      <failure message="/home/niko/Dev/prompt-builder/internal/prompt-builder/file_processor_test.go:85:1: Function TestFileProcessor_ProcessFile_Security missing the call to method parallel&#xA;" type=""><![CDATA[: Function TestFileProcessor_ProcessFile_Security missing the call to method parallel

Category: paralleltest
File: /home/niko/Dev/prompt-builder/internal/prompt-builder/file_processor_test.go
Line: 85
Details: func TestFileProcessor_ProcessFile_Security(t *testing.T) {]]></failure>
    </testcase>
    <testcase name="paralleltest" classname="/home/niko/Dev/prompt-builder/internal/prompt-builder/file_processor_test.go:139:2" file="/home/niko/Dev/prompt-builder/internal/prompt-builder/file_processor_test.go" line="139">
      <failure message="/home/niko/Dev/prompt-builder/internal/prompt-builder/file_processor_test.go:139:2: Range statement for test TestFileProcessor_ProcessFile_Security missing the call to method parallel in test Run&#xA;" type=""><![CDATA[: Range statement for test TestFileProcessor_ProcessFile_Security missing the call to method parallel in test Run

Category: paralleltest
File: /home/niko/Dev/prompt-builder/internal/prompt-builder/file_processor_test.go
Line: 139
Details: 	for _, tt := range tests {]]></failure>
    </testcase>
    <testcase name="testpackage" classname="/home/niko/Dev/prompt-builder/internal/prompt-builder/file_processor_test.go:1:9" file="/home/niko/Dev/prompt-builder/internal/prompt-builder/file_processor_test.go" line="1">
      <failure message="/home/niko/Dev/prompt-builder/internal/prompt-builder/file_processor_test.go:1:9: package should be `promptbuilder_test` instead of `promptbuilder`" type=""><![CDATA[: package should be `promptbuilder_test` instead of `promptbuilder`
Category: testpackage
File: /home/niko/Dev/prompt-builder/internal/prompt-builder/file_processor_test.go
Line: 1
Details: package promptbuilder]]></failure>
    </testcase>
    <testcase name="varnamelen" classname="/home/niko/Dev/prompt-builder/internal/prompt-builder/file_processor_test.go:10:2" file="/home/niko/Dev/prompt-builder/internal/prompt-builder/file_processor_test.go" line="10">
      <failure message="/home/niko/Dev/prompt-builder/internal/prompt-builder/file_processor_test.go:10:2: variable name &#39;fp&#39; is too short for the scope of its usage" type=""><![CDATA[: variable name 'fp' is too short for the scope of its usage
Category: varnamelen
File: /home/niko/Dev/prompt-builder/internal/prompt-builder/file_processor_test.go
Line: 10
Details: 	fp := NewFileProcessor(1024*1024, []string{".go", ".txt"})]]></failure>
    </testcase>
    <testcase name="varnamelen" classname="/home/niko/Dev/prompt-builder/internal/prompt-builder/file_processor_test.go:86:2" file="/home/niko/Dev/prompt-builder/internal/prompt-builder/file_processor_test.go" line="86">
      <failure message="/home/niko/Dev/prompt-builder/internal/prompt-builder/file_processor_test.go:86:2: variable name &#39;fp&#39; is too short for the scope of its usage" type=""><![CDATA[: variable name 'fp' is too short for the scope of its usage
Category: varnamelen
File: /home/niko/Dev/prompt-builder/internal/prompt-builder/file_processor_test.go
Line: 86
Details: 	fp := NewFileProcessor(1024*1024, []string{".go", ".txt"})]]></failure>
    </testcase>
    <testcase name="wsl" classname="/home/niko/Dev/prompt-builder/internal/prompt-builder/file_processor_test.go:23:2" file="/home/niko/Dev/prompt-builder/internal/prompt-builder/file_processor_test.go" line="23">
      <failure message="/home/niko/Dev/prompt-builder/internal/prompt-builder/file_processor_test.go:23:2: only one cuddle assignment allowed before defer statement" type=""><![CDATA[: only one cuddle assignment allowed before defer statement
Category: wsl
File: /home/niko/Dev/prompt-builder/internal/prompt-builder/file_processor_test.go
Line: 23
Details: 	defer func() {]]></failure>
    </testcase>
    <testcase name="wsl" classname="/home/niko/Dev/prompt-builder/internal/prompt-builder/file_processor_test.go:99:2" file="/home/niko/Dev/prompt-builder/internal/prompt-builder/file_processor_test.go" line="99">
      <failure message="/home/niko/Dev/prompt-builder/internal/prompt-builder/file_processor_test.go:99:2: only one cuddle assignment allowed before defer statement" type=""><![CDATA[: only one cuddle assignment allowed before defer statement
Category: wsl
File: /home/niko/Dev/prompt-builder/internal/prompt-builder/file_processor_test.go
Line: 99
Details: 	defer func() {]]></failure>
    </testcase>
  </testsuite>
  <testsuite name="/home/niko/Dev/prompt-builder/internal/prompt-builder/types.go" tests="13" errors="0" failures="13">
    <testcase name="err113" classname="/home/niko/Dev/prompt-builder/internal/prompt-builder/types.go:22:10" file="/home/niko/Dev/prompt-builder/internal/prompt-builder/types.go" line="22">
      <failure message="/home/niko/Dev/prompt-builder/internal/prompt-builder/types.go:22:10: do not define dynamic errors, use wrapped static errors instead: &#34;fmt.Errorf(\&#34;prompt is required\&#34;)&#34;" type=""><![CDATA[: do not define dynamic errors, use wrapped static errors instead: "fmt.Errorf(\"prompt is required\")"
Category: err113
File: /home/niko/Dev/prompt-builder/internal/prompt-builder/types.go
Line: 22
Details: 		return fmt.Errorf("prompt is required")]]></failure>
    </testcase>
    <testcase name="err113" classname="/home/niko/Dev/prompt-builder/internal/prompt-builder/types.go:66:10" file="/home/niko/Dev/prompt-builder/internal/prompt-builder/types.go" line="66">
      <failure message="/home/niko/Dev/prompt-builder/internal/prompt-builder/types.go:66:10: do not define dynamic errors, use wrapped static errors instead: &#34;fmt.Errorf(\&#34;file path is required\&#34;)&#34;" type=""><![CDATA[: do not define dynamic errors, use wrapped static errors instead: "fmt.Errorf(\"file path is required\")"
Category: err113
File: /home/niko/Dev/prompt-builder/internal/prompt-builder/types.go
Line: 66
Details: 		return fmt.Errorf("file path is required")]]></failure>
    </testcase>
    <testcase name="err113" classname="/home/niko/Dev/prompt-builder/internal/prompt-builder/types.go:69:10" file="/home/niko/Dev/prompt-builder/internal/prompt-builder/types.go" line="69">
      <failure message="/home/niko/Dev/prompt-builder/internal/prompt-builder/types.go:69:10: do not define dynamic errors, use wrapped static errors instead: &#34;fmt.Errorf(\&#34;file content is required\&#34;)&#34;" type=""><![CDATA[: do not define dynamic errors, use wrapped static errors instead: "fmt.Errorf(\"file content is required\")"
Category: err113
File: /home/niko/Dev/prompt-builder/internal/prompt-builder/types.go
Line: 69
Details: 		return fmt.Errorf("file content is required")]]></failure>
    </testcase>
    <testcase name="err113" classname="/home/niko/Dev/prompt-builder/internal/prompt-builder/types.go:99:10" file="/home/niko/Dev/prompt-builder/internal/prompt-builder/types.go" line="99">
      <failure message="/home/niko/Dev/prompt-builder/internal/prompt-builder/types.go:99:10: do not define dynamic errors, use wrapped static errors instead: &#34;fmt.Errorf(\&#34;prompt is required\&#34;)&#34;" type=""><![CDATA[: do not define dynamic errors, use wrapped static errors instead: "fmt.Errorf(\"prompt is required\")"
Category: err113
File: /home/niko/Dev/prompt-builder/internal/prompt-builder/types.go
Line: 99
Details: 		return fmt.Errorf("prompt is required")]]></failure>
    </testcase>
    <testcase name="exhaustruct" classname="/home/niko/Dev/prompt-builder/internal/prompt-builder/types.go:106:10" file="/home/niko/Dev/prompt-builder/internal/prompt-builder/types.go" line="106">
      <failure message="/home/niko/Dev/prompt-builder/internal/prompt-builder/types.go:106:10: promptbuilder.BuildRequest is missing field Image" type=""><![CDATA[: promptbuilder.BuildRequest is missing field Image
Category: exhaustruct
File: /home/niko/Dev/prompt-builder/internal/prompt-builder/types.go
Line: 106
Details: 	return &BuildRequest{]]></failure>
    </testcase>
    <testcase name="tagliatelle" classname="/home/niko/Dev/prompt-builder/internal/prompt-builder/types.go:13:23" file="/home/niko/Dev/prompt-builder/internal/prompt-builder/types.go" line="13">
      <failure message="/home/niko/Dev/prompt-builder/internal/prompt-builder/types.go:13:23: json(camel): got &#39;system_message&#39; want &#39;systemMessage&#39;" type=""><![CDATA[: json(camel): got 'system_message' want 'systemMessage'
Category: tagliatelle
File: /home/niko/Dev/prompt-builder/internal/prompt-builder/types.go
Line: 13
Details: 	SystemMessage string `json:"system_message,omitempty"`]]></failure>
    </testcase>
    <testcase name="tagliatelle" classname="/home/niko/Dev/prompt-builder/internal/prompt-builder/types.go:16:23" file="/home/niko/Dev/prompt-builder/internal/prompt-builder/types.go" line="16">
      <failure message="/home/niko/Dev/prompt-builder/internal/prompt-builder/types.go:16:23: json(camel): got &#39;output_format&#39; want &#39;outputFormat&#39;" type=""><![CDATA[: json(camel): got 'output_format' want 'outputFormat'
Category: tagliatelle
File: /home/niko/Dev/prompt-builder/internal/prompt-builder/types.go
Line: 16
Details: 	OutputFormat  string `json:"output_format,omitempty"`]]></failure>
    </testcase>
    <testcase name="tagliatelle" classname="/home/niko/Dev/prompt-builder/internal/prompt-builder/types.go:29:23" file="/home/niko/Dev/prompt-builder/internal/prompt-builder/types.go" line="29">
      <failure message="/home/niko/Dev/prompt-builder/internal/prompt-builder/types.go:29:23: json(camel): got &#39;system_message&#39; want &#39;systemMessage&#39;" type=""><![CDATA[: json(camel): got 'system_message' want 'systemMessage'
Category: tagliatelle
File: /home/niko/Dev/prompt-builder/internal/prompt-builder/types.go
Line: 29
Details: 	SystemMessage string `json:"system_message,omitempty"`]]></failure>
    </testcase>
    <testcase name="tagliatelle" classname="/home/niko/Dev/prompt-builder/internal/prompt-builder/types.go:30:23" file="/home/niko/Dev/prompt-builder/internal/prompt-builder/types.go" line="30">
      <failure message="/home/niko/Dev/prompt-builder/internal/prompt-builder/types.go:30:23: json(camel): got &#39;user_prompt&#39; want &#39;userPrompt&#39;" type=""><![CDATA[: json(camel): got 'user_prompt' want 'userPrompt'
Category: tagliatelle
File: /home/niko/Dev/prompt-builder/internal/prompt-builder/types.go
Line: 30
Details: 	UserPrompt    string `json:"user_prompt"`]]></failure>
    </testcase>
    <testcase name="tagliatelle" classname="/home/niko/Dev/prompt-builder/internal/prompt-builder/types.go:31:23" file="/home/niko/Dev/prompt-builder/internal/prompt-builder/types.go" line="31">
      <failure message="/home/niko/Dev/prompt-builder/internal/prompt-builder/types.go:31:23: json(camel): got &#39;file_content&#39; want &#39;fileContent&#39;" type=""><![CDATA[: json(camel): got 'file_content' want 'fileContent'
Category: tagliatelle
File: /home/niko/Dev/prompt-builder/internal/prompt-builder/types.go
Line: 31
Details: 	FileContent   string `json:"file_content,omitempty"`]]></failure>
    </testcase>
    <testcase name="tagliatelle" classname="/home/niko/Dev/prompt-builder/internal/prompt-builder/types.go:91:23" file="/home/niko/Dev/prompt-builder/internal/prompt-builder/types.go" line="91">
      <failure message="/home/niko/Dev/prompt-builder/internal/prompt-builder/types.go:91:23: json(camel): got &#39;system_message&#39; want &#39;systemMessage&#39;" type=""><![CDATA[: json(camel): got 'system_message' want 'systemMessage'
Category: tagliatelle
File: /home/niko/Dev/prompt-builder/internal/prompt-builder/types.go
Line: 91
Details: 	SystemMessage string `json:"system_message,omitempty"`]]></failure>
    </testcase>
    <testcase name="tagliatelle" classname="/home/niko/Dev/prompt-builder/internal/prompt-builder/types.go:93:23" file="/home/niko/Dev/prompt-builder/internal/prompt-builder/types.go" line="93">
      <failure message="/home/niko/Dev/prompt-builder/internal/prompt-builder/types.go:93:23: json(camel): got &#39;output_format&#39; want &#39;outputFormat&#39;" type=""><![CDATA[: json(camel): got 'output_format' want 'outputFormat'
Category: tagliatelle
File: /home/niko/Dev/prompt-builder/internal/prompt-builder/types.go
Line: 93
Details: 	OutputFormat  string `json:"output_format,omitempty"`]]></failure>
    </testcase>
    <testcase name="wsl" classname="/home/niko/Dev/prompt-builder/internal/prompt-builder/types.go:68:2" file="/home/niko/Dev/prompt-builder/internal/prompt-builder/types.go" line="68">
      <failure message="/home/niko/Dev/prompt-builder/internal/prompt-builder/types.go:68:2: if statements should only be cuddled with assignments" type=""><![CDATA[: if statements should only be cuddled with assignments
Category: wsl
File: /home/niko/Dev/prompt-builder/internal/prompt-builder/types.go
Line: 68
Details: 	if len(fc.Content) == 0 {]]></failure>
    </testcase>
  </testsuite>
  <testsuite name="/home/niko/Dev/prompt-builder/internal/prompt-builder/types_test.go" tests="14" errors="0" failures="14">
    <testcase name="exhaustruct" classname="/home/niko/Dev/prompt-builder/internal/prompt-builder/types_test.go:15:9" file="/home/niko/Dev/prompt-builder/internal/prompt-builder/types_test.go" line="15">
      <failure message="/home/niko/Dev/prompt-builder/internal/prompt-builder/types_test.go:15:9: promptbuilder.BuildRequest is missing fields File, Task, SystemMessage, Guidelines, Image, OutputFormat" type=""><![CDATA[: promptbuilder.BuildRequest is missing fields File, Task, SystemMessage, Guidelines, Image, OutputFormat
Category: exhaustruct
File: /home/niko/Dev/prompt-builder/internal/prompt-builder/types_test.go
Line: 15
Details: 			req: BuildRequest{]]></failure>
    </testcase>
    <testcase name="exhaustruct" classname="/home/niko/Dev/prompt-builder/internal/prompt-builder/types_test.go:22:9" file="/home/niko/Dev/prompt-builder/internal/prompt-builder/types_test.go" line="22">
      <failure message="/home/niko/Dev/prompt-builder/internal/prompt-builder/types_test.go:22:9: promptbuilder.BuildRequest is missing fields File, Task, SystemMessage, Guidelines, Image, OutputFormat" type=""><![CDATA[: promptbuilder.BuildRequest is missing fields File, Task, SystemMessage, Guidelines, Image, OutputFormat
Category: exhaustruct
File: /home/niko/Dev/prompt-builder/internal/prompt-builder/types_test.go
Line: 22
Details: 			req: BuildRequest{]]></failure>
    </testcase>
    <testcase name="exhaustruct" classname="/home/niko/Dev/prompt-builder/internal/prompt-builder/types_test.go:29:9" file="/home/niko/Dev/prompt-builder/internal/prompt-builder/types_test.go" line="29">
      <failure message="/home/niko/Dev/prompt-builder/internal/prompt-builder/types_test.go:29:9: promptbuilder.BuildRequest is missing fields Task, SystemMessage, Guidelines, Image, OutputFormat" type=""><![CDATA[: promptbuilder.BuildRequest is missing fields Task, SystemMessage, Guidelines, Image, OutputFormat
Category: exhaustruct
File: /home/niko/Dev/prompt-builder/internal/prompt-builder/types_test.go
Line: 29
Details: 			req: BuildRequest{]]></failure>
    </testcase>
    <testcase name="exhaustruct" classname="/home/niko/Dev/prompt-builder/internal/prompt-builder/types_test.go:37:9" file="/home/niko/Dev/prompt-builder/internal/prompt-builder/types_test.go" line="37">
      <failure message="/home/niko/Dev/prompt-builder/internal/prompt-builder/types_test.go:37:9: promptbuilder.BuildRequest is missing fields File, SystemMessage, Guidelines, Image, OutputFormat" type=""><![CDATA[: promptbuilder.BuildRequest is missing fields File, SystemMessage, Guidelines, Image, OutputFormat
Category: exhaustruct
File: /home/niko/Dev/prompt-builder/internal/prompt-builder/types_test.go
Line: 37
Details: 			req: BuildRequest{]]></failure>
    </testcase>
    <testcase name="exhaustruct" classname="/home/niko/Dev/prompt-builder/internal/prompt-builder/types_test.go:56:12" file="/home/niko/Dev/prompt-builder/internal/prompt-builder/types_test.go" line="56">
      <failure message="/home/niko/Dev/prompt-builder/internal/prompt-builder/types_test.go:56:12: promptbuilder.Prompt is missing field Guidelines" type=""><![CDATA[: promptbuilder.Prompt is missing field Guidelines
Category: exhaustruct
File: /home/niko/Dev/prompt-builder/internal/prompt-builder/types_test.go
Line: 56
Details: 	prompt := Prompt{]]></failure>
    </testcase>
    <testcase name="exhaustruct" classname="/home/niko/Dev/prompt-builder/internal/prompt-builder/types_test.go:88:13" file="/home/niko/Dev/prompt-builder/internal/prompt-builder/types_test.go" line="88">
      <failure message="/home/niko/Dev/prompt-builder/internal/prompt-builder/types_test.go:88:13: promptbuilder.FileContent is missing field Size" type=""><![CDATA[: promptbuilder.FileContent is missing field Size
Category: exhaustruct
File: /home/niko/Dev/prompt-builder/internal/prompt-builder/types_test.go
Line: 88
Details: 			content: FileContent{]]></failure>
    </testcase>
    <testcase name="exhaustruct" classname="/home/niko/Dev/prompt-builder/internal/prompt-builder/types_test.go:96:13" file="/home/niko/Dev/prompt-builder/internal/prompt-builder/types_test.go" line="96">
      <failure message="/home/niko/Dev/prompt-builder/internal/prompt-builder/types_test.go:96:13: promptbuilder.FileContent is missing field Size" type=""><![CDATA[: promptbuilder.FileContent is missing field Size
Category: exhaustruct
File: /home/niko/Dev/prompt-builder/internal/prompt-builder/types_test.go
Line: 96
Details: 			content: FileContent{]]></failure>
    </testcase>
    <testcase name="exhaustruct" classname="/home/niko/Dev/prompt-builder/internal/prompt-builder/types_test.go:104:13" file="/home/niko/Dev/prompt-builder/internal/prompt-builder/types_test.go" line="104">
      <failure message="/home/niko/Dev/prompt-builder/internal/prompt-builder/types_test.go:104:13: promptbuilder.FileContent is missing field Size" type=""><![CDATA[: promptbuilder.FileContent is missing field Size
Category: exhaustruct
File: /home/niko/Dev/prompt-builder/internal/prompt-builder/types_test.go
Line: 104
Details: 			content: FileContent{]]></failure>
    </testcase>
    <testcase name="paralleltest" classname="/home/niko/Dev/prompt-builder/internal/prompt-builder/types_test.go:7:1" file="/home/niko/Dev/prompt-builder/internal/prompt-builder/types_test.go" line="7">
      <failure message="/home/niko/Dev/prompt-builder/internal/prompt-builder/types_test.go:7:1: Function TestBuildRequest_Validate missing the call to method parallel&#xA;" type=""><![CDATA[: Function TestBuildRequest_Validate missing the call to method parallel

Category: paralleltest
File: /home/niko/Dev/prompt-builder/internal/prompt-builder/types_test.go
Line: 7
Details: func TestBuildRequest_Validate(t *testing.T) {]]></failure>
    </testcase>
    <testcase name="paralleltest" classname="/home/niko/Dev/prompt-builder/internal/prompt-builder/types_test.go:45:2" file="/home/niko/Dev/prompt-builder/internal/prompt-builder/types_test.go" line="45">
      <failure message="/home/niko/Dev/prompt-builder/internal/prompt-builder/types_test.go:45:2: Range statement for test TestBuildRequest_Validate missing the call to method parallel in test Run&#xA;" type=""><![CDATA[: Range statement for test TestBuildRequest_Validate missing the call to method parallel in test Run

Category: paralleltest
File: /home/niko/Dev/prompt-builder/internal/prompt-builder/types_test.go
Line: 45
Details: 	for _, tt := range tests {]]></failure>
    </testcase>
    <testcase name="paralleltest" classname="/home/niko/Dev/prompt-builder/internal/prompt-builder/types_test.go:55:1" file="/home/niko/Dev/prompt-builder/internal/prompt-builder/types_test.go" line="55">
      <failure message="/home/niko/Dev/prompt-builder/internal/prompt-builder/types_test.go:55:1: Function TestPrompt_String missing the call to method parallel&#xA;" type=""><![CDATA[: Function TestPrompt_String missing the call to method parallel

Category: paralleltest
File: /home/niko/Dev/prompt-builder/internal/prompt-builder/types_test.go
Line: 55
Details: func TestPrompt_String(t *testing.T) {]]></failure>
    </testcase>
    <testcase name="paralleltest" classname="/home/niko/Dev/prompt-builder/internal/prompt-builder/types_test.go:80:1" file="/home/niko/Dev/prompt-builder/internal/prompt-builder/types_test.go" line="80">
      <failure message="/home/niko/Dev/prompt-builder/internal/prompt-builder/types_test.go:80:1: Function TestFileContent_Validate missing the call to method parallel&#xA;" type=""><![CDATA[: Function TestFileContent_Validate missing the call to method parallel

Category: paralleltest
File: /home/niko/Dev/prompt-builder/internal/prompt-builder/types_test.go
Line: 80
Details: func TestFileContent_Validate(t *testing.T) {]]></failure>
    </testcase>
    <testcase name="paralleltest" classname="/home/niko/Dev/prompt-builder/internal/prompt-builder/types_test.go:112:2" file="/home/niko/Dev/prompt-builder/internal/prompt-builder/types_test.go" line="112">
      <failure message="/home/niko/Dev/prompt-builder/internal/prompt-builder/types_test.go:112:2: Range statement for test TestFileContent_Validate missing the call to method parallel in test Run&#xA;" type=""><![CDATA[: Range statement for test TestFileContent_Validate missing the call to method parallel in test Run

Category: paralleltest
File: /home/niko/Dev/prompt-builder/internal/prompt-builder/types_test.go
Line: 112
Details: 	for _, tt := range tests {]]></failure>
    </testcase>
    <testcase name="testpackage" classname="/home/niko/Dev/prompt-builder/internal/prompt-builder/types_test.go:1:9" file="/home/niko/Dev/prompt-builder/internal/prompt-builder/types_test.go" line="1">
      <failure message="/home/niko/Dev/prompt-builder/internal/prompt-builder/types_test.go:1:9: package should be `promptbuilder_test` instead of `promptbuilder`" type=""><![CDATA[: package should be `promptbuilder_test` instead of `promptbuilder`
Category: testpackage
File: /home/niko/Dev/prompt-builder/internal/prompt-builder/types_test.go
Line: 1
Details: package promptbuilder]]></failure>
    </testcase>
  </testsuite>
  <testsuite name="/home/niko/Dev/prompt-builder/test.go" tests="1" errors="0" failures="1">
    <testcase name="forbidigo" classname="/home/niko/Dev/prompt-builder/test.go:7:2" file="/home/niko/Dev/prompt-builder/test.go" line="7">
      <failure message="/home/niko/Dev/prompt-builder/test.go:7:2: use of `fmt.Println` forbidden by pattern `^(fmt\.Print(|f|ln)|print|println)$`" type=""><![CDATA[: use of `fmt.Println` forbidden by pattern `^(fmt\.Print(|f|ln)|print|println)$`
Category: forbidigo
File: /home/niko/Dev/prompt-builder/test.go
Line: 7
Details: 	fmt.Println("Hello, World!")]]></failure>
    </testcase>
  </testsuite>
</testsuites>